device: cuda:0
CataphoraDataset, loading data from file: /home/cheung.179/cataphora_data/Kazanina07.tsv
CataphoraDataset, loading data from file: /home/cheung.179/cataphora_data/GordonHendrick.tsv
CataphoraDataset, loading data from file: /home/cheung.179/cataphora_data/WebNLG.tsv
text: It was clear to her that Sue would win the scholarship, but Ben decided to apply for it anyway. , ID: K07_1_U_F
loss: 3.465083360671997
text: It was clear to her that Ben would win the scholarship, but Sue decided to apply for it anyway. , ID: K07_1_A_F
loss: 3.374188184738159
text: It was clear to him that Ben would win the scholarship, but Sue decided to apply for it anyway. , ID: K07_1_U_M
loss: 3.5487618446350098
text: It was clear to him that Sue would win the scholarship, but Ben decided to apply for it anyway. , ID: K07_1_A_M
loss: 3.4389710426330566
text: It seemed suspicious to her that Meg always kept the curtains closed, but Jim didn't think anything of it. , ID: K07_2_U_F
loss: 3.829076051712036
text: It seemed suspicious to her that Jim always kept the curtains closed, but Meg didn't think anything of it. , ID: K07_2_A_F
loss: 3.6038379669189453
text: It seemed suspicious to him that Jim always kept the curtains closed, but Meg didn't think anything of it. , ID: K07_2_U_M
loss: 3.7003848552703857
text: It seemed suspicious to him that Meg always kept the curtains closed, but Jim didn't think anything of it. , ID: K07_2_A_M
loss: 3.768035888671875
text: It was surprising to her that Anne hadn't finished reading the book, although Carl too had found it quite difficult. , ID: K07_3_U_F
loss: 3.997793436050415
text: It was surprising to her that Carl hadn't finished reading the book, although Anne too had found it quite difficult. , ID: K07_3_A_F
loss: 3.9439079761505127
text: It was surprising to him that Carl hadn't finished reading the book, although Anne too had found it quite difficult. , ID: K07_3_U_M
loss: 3.899646520614624
text: It was surprising to him that Anne hadn't finished reading the book, although Carl too had found it quite difficult. , ID: K07_3_A_M
loss: 3.9589881896972656
text: It seemed bizarre to her that Linda was running for class president, but Mark tried to be supportive. , ID: K07_4_U_F
loss: 3.724055290222168
text: It seemed bizarre to her that Mark was running for class president, but Linda tried to be supportive. , ID: K07_4_A_F
loss: 3.6584415435791016
text: It seemed bizarre to him that Mark was running for class president, but Linda tried to be supportive. , ID: K07_4_U_M
loss: 3.7133736610412598
text: It seemed bizarre to him that Linda was running for class president, but Mark tried to be supportive. , ID: K07_4_A_M
loss: 3.675790786743164
text: It seemed strange to her that Carrie wore dark glasses indoors, but Andrew figured it was probably some kind of fashion statement. , ID: K07_5_U_F
loss: 3.76550555229187
text: It seemed strange to her that Andrew wore dark glasses indoors, but Carrie figured it was probably some kind of fashion statement. , ID: K07_5_A_F
loss: 3.7553186416625977
text: It seemed strange to him that Andrew wore dark glasses indoors, but Carrie figured it was probably some kind of fashion statement. , ID: K07_5_U_M
loss: 3.837897300720215
text: It seemed strange to him that Carrie wore dark glasses indoors, but Andrew figured it was probably some kind of fashion statement. , ID: K07_5_A_M
loss: 3.7369935512542725
text: It was amazing to her that Rachel had landed a job at Microsoft, even though Chad had heard they were hiring a lot of people. , ID: K07_6_U_F
loss: 3.4462077617645264
text: It was amazing to her that Chad had landed a job at Microsoft, even though Rachel had heard they were hiring a lot of people. , ID: K07_6_A_F
loss: 3.438866138458252
text: It was amazing to him that Chad had landed a job at Microsoft, even though Rachel had heard they were hiring a lot of people. , ID: K07_6_U_M
loss: 3.544147253036499
text: It was amazing to him that Rachel had landed a job at Microsoft, even though Chad had heard they were hiring a lot of people. , ID: K07_6_A_M
loss: 3.42922306060791
text: It was irritating to her that Wendy was always late for work, but Aaron thought that an official reprimand would be too harsh. , ID: K07_7_U_F
loss: 3.521200656890869
text: It was irritating to her that Aaron was always late for work, but Wendy thought that an official reprimand would be too harsh. , ID: K07_7_A_F
loss: 3.5074169635772705
text: It was irritating to him that Aaron was always late for work, but Wendy thought that an official reprimand would be too harsh. , ID: K07_7_U_M
loss: 3.51688814163208
text: It was irritating to him that Wendy was always late for work, but Aaron thought that an official reprimand would be too harsh. , ID: K07_7_A_M
loss: 3.4568417072296143
text: It seemed funny to her that Judy wasn't more nervous about the interview, but Dave thought it was probably a good thing. , ID: K07_8_U_F
loss: 3.4000465869903564
text: It seemed funny to her that Dave wasn't more nervous about the interview, but Judy thought it was probably a good thing. , ID: K07_8_A_F
loss: 3.300400495529175
text: It seemed funny to him that Dave wasn't more nervous about the interview, but Judy thought it was probably a good thing. , ID: K07_8_U_M
loss: 3.3271148204803467
text: It seemed funny to him that Judy wasn't more nervous about the interview, but Dave thought it was probably a good thing. , ID: K07_8_A_M
loss: 3.307159185409546
text: It was obvious to her that Amber was slacking off, but Brian didn't want to say anything about it. , ID: K07_9_U_F
loss: 2.9449119567871094
text: It was obvious to her that Brian was slacking off, but Amber didn't want to say anything about it. , ID: K07_9_A_F
loss: 2.829267740249634
text: It was obvious to him that Brian was slacking off, but Amber didn't want to say anything about it. , ID: K07_9_U_M
loss: 2.9368155002593994
text: It was obvious to him that Amber was slacking off, but Brian didn't want to say anything about it. , ID: K07_9_A_M
loss: 2.892125129699707
text: it seemed worrisome to her that Ruth was gaining so much weight, but John didn't have the nerve to comment on it. , ID: K07_10_U_F
loss: 3.434706449508667
text: it seemed worrisome to her that John was gaining so much weight, but Ruth didn't have the nerve to comment on it. , ID: K07_10_A_F
loss: 3.412196397781372
text: it seemed worrisome to him that John was gaining so much weight, but Ruth didn't have the nerve to comment on it. , ID: K07_10_U_M
loss: 3.496476173400879
text: it seemed worrisome to him that Ruth was gaining so much weight, but John didn't have the nerve to comment on it. , ID: K07_10_A_M
loss: 3.4108963012695312
text: It seemed encouraging to her that Jen was spending more time on homework, but Rob still thought a tutor might be needed. , ID: K07_11_U_F
loss: 4.076189994812012
text: It seemed encouraging to her that Rob was spending more time on homework, but Jen still thought a tutor might be needed. , ID: K07_11_A_F
loss: 4.063634395599365
text: It seemed encouraging to him that Rob was spending more time on homework, but Jen still thought a tutor might be needed. , ID: K07_11_U_M
loss: 4.1285905838012695
text: It seemed encouraging to him that Jen was spending more time on homework, but Rob still thought a tutor might be needed. , ID: K07_11_A_M
loss: 4.071375846862793
text: It seemed unusual to her that Heather had packed a coat for the trip to Florida, but Brandon didn't question it. , ID: K07_12_U_F
loss: 3.5929818153381348
text: It seemed unusual to her that Brandon had packed a coat for the trip to Florida, but Heather didn't question it. , ID: K07_12_A_F
loss: 3.479408025741577
text: It seemed unusual to him that Brandon had packed a coat for the trip to Florida, but Heather didn't question it. , ID: K07_12_U_M
loss: 3.5518510341644287
text: It seemed unusual to him that Heather had packed a coat for the trip to Florida, but Brandon didn't question it. , ID: K07_12_A_M
loss: 3.5101969242095947
text: It seemed alarming to her that Michelle was stationed in the war zone, but Charles tried not to think about it.  , ID: K07_13_U_F
loss: 3.879697322845459
text: It seemed alarming to her that Charles was stationed in the war zone, but Michelle tried not to think about it.  , ID: K07_13_A_F
loss: 3.737321376800537
text: It seemed alarming to him that Charles was stationed in the war zone, but Michelle tried not to think about it.  , ID: K07_13_U_M
loss: 3.883405923843384
text: It seemed alarming to him that Michelle was stationed in the war zone, but Charles tried not to think about it.  , ID: K07_13_A_M
loss: 3.8584320545196533
text: It seemed logical to her that Sarah finish school before getting married, even though Roger didn't want to wait. , ID: K07_16_U_F
loss: 3.9296276569366455
text: It seemed logical to her that Roger finish school before getting married, even though Sarah didn't want to wait. , ID: K07_16_A_F
loss: 4.023707866668701
text: It seemed logical to him that Roger finish school before getting married, even though Sarah didn't want to wait. , ID: K07_16_U_M
loss: 3.962618112564087
text: It seemed logical to him that Sarah finish school before getting married, even though Roger didn't want to wait. , ID: K07_16_A_M
loss: 3.8888888359069824
text: It was offensive to her that Debra insulted the diplomat, but Jacob chose to ignore the incident. , ID: K07_17_U_F
loss: 4.614443302154541
text: It was offensive to her that Jacob insulted the diplomat, but Debra chose to ignore the incident. , ID: K07_17_A_F
loss: 4.497025966644287
text: It was offensive to him that Jacob insulted the diplomat, but Debra chose to ignore the incident. , ID: K07_17_U_M
loss: 4.639194488525391
text: It was offensive to him that Debra insulted the diplomat, but Jacob chose to ignore the incident. , ID: K07_17_A_M
loss: 4.637334823608398
text: It was unfortunate for her that Rita had misplaced the house keys, but Kyle managed to get in through a window.  , ID: K07_18_U_F
loss: 4.068247318267822
text: It was unfortunate for her that Kyle had misplaced the house keys, but Rita managed to get in through a window.  , ID: K07_18_A_F
loss: 3.9688992500305176
text: It was unfortunate for him that Kyle had misplaced the house keys, but Rita managed to get in through a window.  , ID: K07_18_U_M
loss: 4.127018451690674
text: It was unfortunate for him that Rita had misplaced the house keys, but Kyle managed to get in through a window.  , ID: K07_18_A_M
loss: 4.081272125244141
text: It was surprising to her that Alison had requested the money, but Thomas didn't have any problems with sending it. , ID: K07_19_U_F
loss: 3.6695709228515625
text: It was surprising to her that Thomas had requested the money, but Alison didn't have any problems with sending it. , ID: K07_19_A_F
loss: 3.5650904178619385
text: It was surprising to him that Thomas had requested the money, but Alison didn't have any problems with sending it. , ID: K07_19_U_M
loss: 3.6276206970214844
text: It was surprising to him that Alison had requested the money, but Thomas didn't have any problems with sending it. , ID: K07_19_A_M
loss: 3.6044907569885254
text: It was acceptable to her that Diana would drive the car through the mountains, but Mike hoped there would be no need for it.  , ID: K07_20_U_F
loss: 3.8722357749938965
text: It was acceptable to her that Mike would drive the car through the mountains, but Diana hoped there would be no need for it.  , ID: K07_20_A_F
loss: 3.8386828899383545
text: It was acceptable to him that Mike would drive the car through the mountains, but Diana hoped there would be no need for it.  , ID: K07_20_U_M
loss: 3.882401943206787
text: It was acceptable to him that Diana would drive the car through the mountains, but Mike hoped there would be no need for it.  , ID: K07_20_A_M
loss: 3.829146146774292
text: It was fine with her that Laura had cancelled the magazine subscription, but Harry was worried the nurses would miss it. , ID: K07_21_U_F
loss: 4.5325093269348145
text: It was fine with her that Harry had cancelled the magazine subscription, but Laura was worried the nurses would miss it. , ID: K07_21_A_F
loss: 4.473941326141357
text: It was fine with him that Harry had cancelled the magazine subscription, but Laura was worried the nurses would miss it. , ID: K07_21_U_M
loss: 4.517336845397949
text: It was fine with him that Laura had cancelled the magazine subscription, but Harry was worried the nurses would miss it. , ID: K07_21_A_M
loss: 4.4870829582214355
text: It was shocking to her that Sarah was pleading guilty to the charges, but Eric came to terms with it quickly. , ID: K07_22_U_F
loss: 3.579080820083618
text: It was shocking to her that Eric was pleading guilty to the charges, but Sarah came to terms with it quickly. , ID: K07_22_A_F
loss: 3.270500898361206
text: It was shocking to him that Eric was pleading guilty to the charges, but Sarah came to terms with it quickly. , ID: K07_22_U_M
loss: 3.3834574222564697
text: It was shocking to him that Sarah was pleading guilty to the charges, but Eric came to terms with it quickly. , ID: K07_22_A_M
loss: 3.506136894226074
text: It was laughable to her that Melanie intended to record rap albums, but Frank didn't want to discourage it. , ID: K07_23_U_F
loss: 4.668552398681641
text: It was laughable to her that Frank intended to record rap albums, but Melanie didn't want to discourage it. , ID: K07_23_A_F
loss: 4.623488426208496
text: It was laughable to him that Frank intended to record rap albums, but Melanie didn't want to discourage it. , ID: K07_23_U_M
loss: 4.675791263580322
text: It was laughable to him that Melanie intended to record rap albums, but Frank didn't want to discourage it. , ID: K07_23_A_M
loss: 4.590147972106934
text: It was comforting to her that Renee had landed safely, but Kevin was still worried about the rest of the trip. , ID: K07_24_U_F
loss: 3.42280650138855
text: It was comforting to her that Kevin had landed safely, but Renee was still worried about the rest of the trip. , ID: K07_24_A_F
loss: 3.1855061054229736
text: It was comforting to him that Kevin had landed safely, but Renee was still worried about the rest of the trip. , ID: K07_24_U_M
loss: 3.2975029945373535
text: It was comforting to him that Renee had landed safely, but Kevin was still worried about the rest of the trip. , ID: K07_24_A_M
loss: 3.2949304580688477
text: It seemed unwise to her that Pamela remarry weeks after the divorce, but Steven didn't want to voice any misgivings. , ID: K07_25_U_F
loss: 4.1797003746032715
text: It seemed unwise to her that Steven remarry weeks after the divorce, but Pamela didn't want to voice any misgivings. , ID: K07_25_A_F
loss: 4.0713114738464355
text: It seemed unwise to him that Steven remarry weeks after the divorce, but Pamela didn't want to voice any misgivings. , ID: K07_25_U_M
loss: 4.153977394104004
text: It seemed unwise to him that Pamela remarry weeks after the divorce, but Steven didn't want to voice any misgivings. , ID: K07_25_A_M
loss: 4.096824645996094
text: It seemed wrong to her that Anita took credit for the project, but Dave continued to work hard. , ID: K07_26_U_F
loss: 4.163739204406738
text: It seemed wrong to her that Dave took credit for the project, but Anita continued to work hard. , ID: K07_26_A_F
loss: 4.096096992492676
text: It seemed wrong to him that Dave took credit for the project, but Anita continued to work hard. , ID: K07_26_U_M
loss: 4.1082987785339355
text: It seemed wrong to him that Anita took credit for the project, but Dave continued to work hard. , ID: K07_26_A_M
loss: 4.065194606781006
text: It was evident to her that Amy had eaten all the donuts, but Bob pretended not to notice. , ID: K07_28_U_F
loss: 3.5565860271453857
text: It was evident to her that Bob had eaten all the donuts, but Amy pretended not to notice. , ID: K07_28_A_F
loss: 3.4355063438415527
text: It was evident to him that Bob had eaten all the donuts, but Amy pretended not to notice. , ID: K07_28_U_M
loss: 3.5645415782928467
text: It was evident to him that Amy had eaten all the donuts, but Bob pretended not to notice. , ID: K07_28_A_M
loss: 3.5009636878967285
text: It seemed troubling to her that Irene listened to such loud music, but Mark was fine with it as long as the chores got done. , ID: K07_29_U_F
loss: 3.827932834625244
text: It seemed troubling to her that Mark listened to such loud music, but Irene was fine with it as long as the chores got done. , ID: K07_29_A_F
loss: 3.669703483581543
text: It seemed troubling to him that Mark listened to such loud music, but Irene was fine with it as long as the chores got done. , ID: K07_29_U_M
loss: 3.6843719482421875
text: It seemed troubling to him that Irene listened to such loud music, but Mark was fine with it as long as the chores got done. , ID: K07_29_A_M
loss: 3.803894519805908
text: It seemed admirable to her that Stacy volunteered to feed the homeless, but Nathan didn't have time to help out. , ID: K07_30_U_F
loss: 4.061437606811523
text: It seemed admirable to her that Nathan volunteered to feed the homeless, but Stacy didn't have time to help out. , ID: K07_30_A_F
loss: 4.156921863555908
text: It seemed admirable to him that Nathan volunteered to feed the homeless, but Stacy didn't have time to help out. , ID: K07_30_U_M
loss: 4.141145706176758
text: It seemed admirable to him that Stacy volunteered to feed the homeless, but Nathan didn't have time to help out. , ID: K07_30_A_M
loss: 4.063998699188232
text: It was frightening to her that Amanda was going skydiving, but Paul still thought about joining in. , ID: K07_31_U_F
loss: 4.366335868835449
text: It was frightening to her that Paul was going skydiving, but Amanda still thought about joining in. , ID: K07_31_A_F
loss: 4.270511627197266
text: It was frightening to him that Paul was going skydiving, but Amanda still thought about joining in. , ID: K07_31_U_M
loss: 4.424467086791992
text: It was frightening to him that Amanda was going skydiving, but Paul still thought about joining in. , ID: K07_31_A_M
loss: 4.269304275512695
text: It was puzzling to her that Nancy was not interested in dancing, but Tommy had asked about it and now understood why. , ID: K07_32_U_F
loss: 3.877009630203247
text: It was puzzling to her that Tommy was not interested in dancing, but Nancy had asked about it and now understood why. , ID: K07_32_A_F
loss: 3.8420400619506836
text: It was puzzling to him that Tommy was not interested in dancing, but Nancy had asked about it and now understood why. , ID: K07_32_U_M
loss: 3.8666584491729736
text: It was puzzling to him that Nancy was not interested in dancing, but Tommy had asked about it and now understood why. , ID: K07_32_A_M
loss: 3.794621706008911
text: John's roommate met him at the restaurant. , ID: GH97
loss: 3.7252163887023926
text: John met his roommate at the restaurant. , ID: GH97
loss: 4.483907222747803
text: John's roommate met John at the restaurant. , ID: GH97
loss: 4.373854637145996
text: John met John's roommate at the restaurant. , ID: GH97
loss: 4.387086868286133
text: His roommate met John at the restaurant. , ID: GH97
loss: 4.8077392578125
text: He met John's roommate at the restaurant. , ID: GH97
loss: 4.430525302886963
text: Lisa's brother visited her at college. , ID: GH97
loss: 4.286718845367432
text: Lisa visited her brother at college. , ID: GH97
loss: 4.533162593841553
text: Lisa's brother visited Lisa at college. , ID: GH97
loss: 5.032739162445068
text: Lisa visited Lisa's brother at college. , ID: GH97
loss: 5.154947757720947
text: Her brother visited Lisa at college. , ID: GH97
loss: 5.848625183105469
text: She visited Lisa's brother at college. , ID: GH97
loss: 5.149594306945801
text: Mary asked Michael's parents about him. , ID: GH97
loss: 4.168381214141846
text: Mary asked Michael about his parents. , ID: GH97
loss: 4.253736972808838
text: Mary asked Michael's parents about Michael. , ID: GH97
loss: 4.5738725662231445
text: Mary asked Michael about Michael's parents. , ID: GH97
loss: 4.315709114074707
text: Mary asked his parents about Michael. , ID: GH97
loss: 4.923367023468018
text: Mary asked him about Michael's parents. , ID: GH97
loss: 4.066689968109131
text: Jane introduced Bill's new teacher to him. , ID: GH97
loss: 4.799256324768066
text: Jane introduced Bill to his new teacher. , ID: GH97
loss: 4.598726749420166
text: Jane introduced Bill's new teacher to Bill. , ID: GH97
loss: 5.072455406188965
text: Jane introduced Bill to Bill's new teacher. , ID: GH97
loss: 4.6666789054870605
text: Jane introduced his new teacher to Bill. , ID: GH97
loss: 5.2264933586120605
text: Jane introduced him to Bill's new teacher. , ID: GH97
loss: 4.561190128326416
text: Although Boise is the largest city in Idaho, it has a surface area of only 1000 squared km. , ID: WebNLG
loss: 3.346484899520874
text: Although it is the largest city in Idaho, Boise has a surface area of only 1000 squared km. , ID: WebNLG
loss: 3.2637436389923096
text: Boise is the largest city in Idaho although it has a surface area of only 1000 squared km. , ID: WebNLG
loss: 3.3716354370117188
text: It is the largest city in Idaho although Boise has a surface area of only 1000 squared km. , ID: WebNLG
loss: 4.086279392242432
text: Boise is the largest city in Idaho, but it has a surface area of only 1000 squared km. , ID: WebNLG
loss: 3.10202956199646
text: It is the largest city in Idaho, but Boise has a surface area of only 1000 squared km. , ID: WebNLG
loss: 3.7026872634887695
text: Boise is the largest city in Idaho, and it has a surface area of 1000 squared km. , ID: WebNLG
loss: 3.078404188156128
text: It is the largest city in Idaho, and Boise has a surface area of 1000 squared km. , ID: WebNLG
loss: 3.673109769821167
text: Although Airey Neave started working as a test pilot on June 30th 1953, he retired shortly after on March 30th 1955. , ID: WebNLG
loss: 3.35669207572937
text: Although he started working as a test pilot on June 30th 1953, Airey Neave retired shortly after on March 30th 1955. , ID: WebNLG
loss: 3.2715396881103516
text: Airey Neave started working as a test pilot on June 30th 1953 although he retired shortly after on March 30th 1955. , ID: WebNLG
loss: 3.9430227279663086
text: He started working as a test pilot on June 30th 1953 although Airey Neave retired shortly after on March 30th 1955. , ID: WebNLG
loss: 3.7769644260406494
text: Airey Neave started working as a test pilot on June 30th 1953, but he retired shortly after on March 30th 1955. , ID: WebNLG
loss: 3.5782296657562256
text: He started working as a test pilot on June 30th 1953, but Airey Neave retired shortly after on March 30th 1955. , ID: WebNLG
loss: 3.4179627895355225
text: Airey Neave started working as a test pilot on June 30th 1953, and he retired shortly after on March 30th 1955. , ID: WebNLG
loss: 3.5782811641693115
text: He started working as a test pilot on June 30th 1953, and Airey Neave retired shortly after on March 30th 1955. , ID: WebNLG
loss: 3.340287923812866
text: Although Alison O'Donnell is known for being a member of Mellow Candle, she has also played in the band Head South by Weaving. , ID: WebNLG
loss: 4.1920061111450195
text: Although she is known for being a member of Mellow Candle, Alison O'Donnell has also played in the band Head South by Weaving. , ID: WebNLG
loss: 4.1733503341674805
text: Alison O'Donnell is known for being a member of Mellow Candle, although she has also played in the band Head South by Weaving. , ID: WebNLG
loss: 4.029475212097168
text: She is known for being a member of Mellow Candle, although Alison O'Donnell has also played in the band Head South by Weaving. , ID: WebNLG
loss: 4.420382499694824
text: Alison O'Donnell is known for being a member of Mellow Candle, but she has also played in the band Head South by Weaving. , ID: WebNLG
loss: 3.9906678199768066
text: She is known for being a member of Mellow Candle, but Alison O'Donnell has also played in the band Head South by Weaving. , ID: WebNLG
loss: 4.312730312347412
text: Alison O'Donnell is known for being a member of Mellow Candle, and she has also played in the band Head South by Weaving. , ID: WebNLG
loss: 3.937018394470215
text: She is known for being a member of Mellow Candle, and Alison O'Donnell has also played in the band Head South by Weaving. , ID: WebNLG
loss: 4.421133995056152
text: Although Bacon Explosion contains bacon, its main ingredient is sausage. , ID: WebNLG
loss: 4.987475872039795
text: Although it contains bacon, Bacon Explosion's main ingredient is sausage. , ID: WebNLG
loss: 4.484790325164795
text: Bacon Explosion's main ingredient is sausage although it also contains bacon. , ID: WebNLG
loss: 4.946428298950195
text: Its main ingredient is sausage although Bacon Explosion also contains bacon. , ID: WebNLG
loss: 5.711166858673096
text: Bacon Explosion contains bacon, but its main ingredient is sausage. , ID: WebNLG
loss: 4.547400951385498
text: It contains bacon, but Bacon Explosion's main ingredient is sausage. , ID: WebNLG
loss: 4.997983455657959
text: Bacon Explosion contains bacon, and its main ingredient is sausage. , ID: WebNLG
loss: 4.520190715789795
text: It contains bacon, and Bacon Explosion's main ingredient is sausage. , ID: WebNLG
loss: 5.032928943634033
text:  , ID: WebNLG
Traceback (most recent call last):
  File "GPT2_PPL_test.py", line 34, in <module>
    outputs = model(input_ids, labels=target_ids)
  File "/home/cheung.179/anaconda3/envs/GPT/lib/python3.8/site-packages/torch/nn/modules/module.py", line 532, in __call__
    result = self.forward(*input, **kwargs)
  File "/home/cheung.179/anaconda3/envs/GPT/lib/python3.8/site-packages/transformers/models/gpt2/modeling_gpt2.py", line 1047, in forward
    transformer_outputs = self.transformer(
  File "/home/cheung.179/anaconda3/envs/GPT/lib/python3.8/site-packages/torch/nn/modules/module.py", line 532, in __call__
    result = self.forward(*input, **kwargs)
  File "/home/cheung.179/anaconda3/envs/GPT/lib/python3.8/site-packages/transformers/models/gpt2/modeling_gpt2.py", line 771, in forward
    input_ids = input_ids.view(-1, input_shape[-1])
RuntimeError: cannot reshape tensor of 0 elements into shape [-1, 0] because the unspecified dimension size -1 can be any value and is ambiguous
